
2013-09-30 09:05:51...Begin System Check Process *************
2013-09-30 09:05:51...XML Parsing Support Found
2013-09-30 09:05:51...MBString Support Found
2013-09-30 09:05:51...ZIP Support Found
2013-09-30 09:05:51.../custom directory and subdirectory check passed
2013-09-30 09:05:51...cache directory and subdirectory check passed
2013-09-30 09:05:51.../module  directory and subdirectory check passed
2013-09-30 09:05:51.../upload directory check passed
2013-09-30 09:05:51.../zip check passed
2013-09-30 09:05:51...PCRE version check passed
2013-09-30 09:05:51...installerHook: Could not find custom/install/install_hooks.php
2013-09-30 09:05:51...php.ini location found. /etc/php5/apache2/php.ini
2013-09-30 09:05:51...Outputting HTML for System check
2013-09-30 09:05:51...No Errors were found *************
2013-09-30 09:05:54...installerHook: Could not find custom/install/install_hooks.php
2013-09-30 09:05:59...installerHook: Could not find custom/install/install_hooks.php
2013-09-30 09:06:01...installerHook: Could not find custom/install/install_hooks.php
2013-09-30 09:06:16...Begin DB Check Process *************
2013-09-30 09:06:16...testing with mysql:mysqli
2013-09-30 09:06:16...Basic form info is valid, continuing Process.
2013-09-30 09:06:16...Testing user account...
2013-09-30 09:06:16...ERROR::  The provided database host, username, and/or password is invalid, and a connection to the database could not be established.  Please enter a valid host, username and password
2013-09-30 09:06:16...Testing priviliged account...
2013-09-30 09:06:16...Connection made using  host: micar-sugarcrm.qa3.intelligrape.net, usr: root
2013-09-30 09:06:16...DB not selected, will create sugarcrm
2013-09-30 09:06:16...ERROR:: Unable to check database version.
2013-09-30 09:06:16...FATAL:: errors have been detected!  User will not be allowed to continue.  Errors are as follow:
2013-09-30 09:06:16..... The provided database host, username, and/or password is invalid, and a connection to the database could not be established.  Please enter a valid host, username and password
2013-09-30 09:06:16..... Unable to check database version.
2013-09-30 09:06:16...End DB Check Process *************
2013-09-30 09:06:29...Begin DB Check Process *************
2013-09-30 09:06:29...testing with mysql:mysqli
2013-09-30 09:06:29...Basic form info is valid, continuing Process.
2013-09-30 09:06:29...Testing user account...
2013-09-30 09:06:29...Connection made using  host: 127.0.0.1, usr: root
2013-09-30 09:06:29...Testing priviliged account...
2013-09-30 09:06:29...Connection made using  host: 127.0.0.1, usr: root
2013-09-30 09:06:29...DB not selected, will create sugarcrm
2013-09-30 09:06:29...Passed DB install check
2013-09-30 09:06:29...SUCCESS:: no errors detected!
2013-09-30 09:06:29...End DB Check Process *************
2013-09-30 09:06:30...installerHook: Could not find custom/install/install_hooks.php
2013-09-30 09:06:56...installerHook: Could not find custom/install/install_hooks.php
2013-09-30 09:07:06...installerHook: Could not find custom/install/install_hooks.php
2013-09-30 09:07:14...installerHook: Could not find custom/install/install_hooks.php
2013-09-30 09:07:14...calling handleSugarConfig()
2013-09-30 09:07:14...calling handleLog4Php()
2013-09-30 09:07:14...calling handleHtaccess()
2013-09-30 09:07:14...calling handleDbCreateDatabase()
2013-09-30 09:07:14...looping through all the Beans and create their tables
2013-09-30 09:07:14...processing table acl_actions
2013-09-30 09:07:15...creating table acl_actions
2013-09-30 09:07:15...creating Relationship Meta for ACLAction
2013-09-30 09:07:15...processing table acl_roles
2013-09-30 09:07:15...creating table acl_roles
2013-09-30 09:07:15...creating Relationship Meta for ACLRole
2013-09-30 09:07:15...processing table relationships
2013-09-30 09:07:15...creating table relationships
2013-09-30 09:07:15...creating Relationship Meta for Relationship
2013-09-30 09:07:15...processing table leads
2013-09-30 09:07:15...creating table leads
2013-09-30 09:07:15...creating Relationship Meta for Lead
2013-09-30 09:07:15...processing table cases
2013-09-30 09:07:15...creating table cases
2013-09-30 09:07:15...creating Relationship Meta for Case
2013-09-30 09:07:15...processing table bugs
2013-09-30 09:07:16...creating table bugs
2013-09-30 09:07:16...creating Relationship Meta for Bug
2013-09-30 09:07:16...processing table users
2013-09-30 09:07:16...creating table users
2013-09-30 09:07:16...creating Relationship Meta for User
2013-09-30 09:07:16...processing table campaign_log
2013-09-30 09:07:16...creating table campaign_log
2013-09-30 09:07:16...creating Relationship Meta for CampaignLog
2013-09-30 09:07:16...processing table project
2013-09-30 09:07:16...creating table project
2013-09-30 09:07:16...creating Relationship Meta for Project
2013-09-30 09:07:16...processing table project_task
2013-09-30 09:07:17...creating table project_task
2013-09-30 09:07:17...creating Relationship Meta for ProjectTask
2013-09-30 09:07:17...processing table campaigns
2013-09-30 09:07:17...creating table campaigns
2013-09-30 09:07:17...creating Relationship Meta for Campaign
2013-09-30 09:07:17...processing table prospect_lists
2013-09-30 09:07:17...creating table prospect_lists
2013-09-30 09:07:17...creating Relationship Meta for ProspectList
2013-09-30 09:07:17...processing table prospects
2013-09-30 09:07:18...creating table prospects
2013-09-30 09:07:18...creating Relationship Meta for Prospect
2013-09-30 09:07:19...processing table email_marketing
2013-09-30 09:07:19...creating table email_marketing
2013-09-30 09:07:19...creating Relationship Meta for EmailMarketing
2013-09-30 09:07:19...processing table campaign_trkrs
2013-09-30 09:07:19...creating table campaign_trkrs
2013-09-30 09:07:19...creating Relationship Meta for CampaignTracker
2013-09-30 09:07:19...processing table releases
2013-09-30 09:07:19...creating table releases
2013-09-30 09:07:19...creating Relationship Meta for Release
2013-09-30 09:07:19...processing table emailman
2013-09-30 09:07:19...creating table emailman
2013-09-30 09:07:19...creating Relationship Meta for EmailMan
2013-09-30 09:07:19...processing table schedulers
2013-09-30 09:07:19...creating table schedulers
2013-09-30 09:07:19...creating Relationship Meta for Scheduler
2013-09-30 09:07:19...processing table job_queue
2013-09-30 09:07:19...creating table job_queue
2013-09-30 09:07:19...creating Relationship Meta for SchedulersJob
2013-09-30 09:07:19...processing table contacts
2013-09-30 09:07:20...creating table contacts
2013-09-30 09:07:20...creating Relationship Meta for Contact
2013-09-30 09:07:20...processing table accounts
2013-09-30 09:07:20...creating table accounts
2013-09-30 09:07:20...creating Relationship Meta for Account
2013-09-30 09:07:21...processing table opportunities
2013-09-30 09:07:21...creating table opportunities
2013-09-30 09:07:21...creating Relationship Meta for Opportunity
2013-09-30 09:07:21...processing table email_templates
2013-09-30 09:07:21...creating table email_templates
2013-09-30 09:07:21...creating Relationship Meta for EmailTemplate
2013-09-30 09:07:21...processing table notes
2013-09-30 09:07:21...creating table notes
2013-09-30 09:07:21...creating Relationship Meta for Note
2013-09-30 09:07:21...processing table calls
2013-09-30 09:07:21...creating table calls
2013-09-30 09:07:21...creating Relationship Meta for Call
2013-09-30 09:07:22...processing table emails
2013-09-30 09:07:22...creating table emails
2013-09-30 09:07:22...creating Relationship Meta for Email
2013-09-30 09:07:22...processing table meetings
2013-09-30 09:07:22...creating table meetings
2013-09-30 09:07:22...creating Relationship Meta for Meeting
2013-09-30 09:07:22...processing table tasks
2013-09-30 09:07:22...creating table tasks
2013-09-30 09:07:22...creating Relationship Meta for Task
2013-09-30 09:07:22...processing table users
2013-09-30 09:07:22...processing table users
2013-09-30 09:07:22...processing table currencies
2013-09-30 09:07:22...creating table currencies
2013-09-30 09:07:22...creating Relationship Meta for Currency
2013-09-30 09:07:22...processing table tracker
2013-09-30 09:07:23...creating table tracker
2013-09-30 09:07:23...creating Relationship Meta for Tracker
2013-09-30 09:07:23...processing table import_maps
2013-09-30 09:07:23...creating table import_maps
2013-09-30 09:07:23...creating Relationship Meta for ImportMap
2013-09-30 09:07:23...processing table users_last_import
2013-09-30 09:07:23...creating table users_last_import
2013-09-30 09:07:23...creating Relationship Meta for UsersLastImport
2013-09-30 09:07:23...processing table config
2013-09-30 09:07:23...creating table config
2013-09-30 09:07:23...creating Relationship Meta for Administration
2013-09-30 09:07:23...processing table upgrade_history
2013-09-30 09:07:23...creating table upgrade_history
2013-09-30 09:07:23...creating Relationship Meta for UpgradeHistory
2013-09-30 09:07:23...processing table vcals
2013-09-30 09:07:23...creating table vcals
2013-09-30 09:07:23...creating Relationship Meta for vCal
2013-09-30 09:07:23...processing table versions
2013-09-30 09:07:23...creating table versions
2013-09-30 09:07:23...creating Relationship Meta for Version
2013-09-30 09:07:23...processing table roles
2013-09-30 09:07:23...creating table roles
2013-09-30 09:07:23...creating Relationship Meta for Role
2013-09-30 09:07:23...processing table documents
2013-09-30 09:07:23...creating table documents
2013-09-30 09:07:23...creating Relationship Meta for Document
2013-09-30 09:07:23...processing table document_revisions
2013-09-30 09:07:23...creating table document_revisions
2013-09-30 09:07:23...creating Relationship Meta for DocumentRevision
2013-09-30 09:07:23...processing table fields_meta_data
2013-09-30 09:07:23...creating table fields_meta_data
2013-09-30 09:07:23...creating Relationship Meta for FieldsMetaData
2013-09-30 09:07:23...processing table inbound_email
2013-09-30 09:07:24...creating table inbound_email
2013-09-30 09:07:24...creating Relationship Meta for InboundEmail
2013-09-30 09:07:24...processing table saved_search
2013-09-30 09:07:24...creating table saved_search
2013-09-30 09:07:24...creating Relationship Meta for SavedSearch
2013-09-30 09:07:24...processing table user_preferences
2013-09-30 09:07:24...creating table user_preferences
2013-09-30 09:07:24...creating Relationship Meta for UserPreference
2013-09-30 09:07:24...processing table 
2013-09-30 09:07:24...processing table email_addresses
2013-09-30 09:07:24...creating table email_addresses
2013-09-30 09:07:24...creating Relationship Meta for EmailAddress
2013-09-30 09:07:24...processing table emails_text
2013-09-30 09:07:24...creating table emails_text
2013-09-30 09:07:24...creating Relationship Meta for EmailText
2013-09-30 09:07:24...processing table sugarfeed
2013-09-30 09:07:24...creating table sugarfeed
2013-09-30 09:07:24...creating Relationship Meta for SugarFeed
2013-09-30 09:07:24...processing table eapm
2013-09-30 09:07:24...creating table eapm
2013-09-30 09:07:24...creating Relationship Meta for EAPM
2013-09-30 09:07:24...processing table oauth_consumer
2013-09-30 09:07:25...creating table oauth_consumer
2013-09-30 09:07:25...creating Relationship Meta for OAuthKey
2013-09-30 09:07:25...processing table oauth_tokens
2013-09-30 09:07:25...creating table oauth_tokens
2013-09-30 09:07:25...creating Relationship Meta for OAuthToken
2013-09-30 09:07:29...Begin creating Defaults
2013-09-30 09:07:29...insert defaults into config table
2013-09-30 09:07:30...Creating default users
2013-09-30 09:07:30...Creating default scheduler jobs
2013-09-30 09:07:30...Enable SugarFeeds
2013-09-30 09:07:30...Enable InsideView Connector
2013-09-30 09:07:30...Creating FTS logic hook
2013-09-30 09:07:30...populating the db with seed data
2013-09-30 09:09:16...Installation has completed *********
2013-09-30 09:10:55...installerHook: Could not find custom/install/install_hooks.php
2013-09-30 09:10:59...installerHook: Could not find custom/install/install_hooks.php