Wed, 03 Sep 2014 19:17:09 +0530 [UpgradeWizard] - setting session variables...
Wed, 03 Sep 2014 19:17:09 +0530 [UpgradeWizard] - -----------------------------------------------------------------------------
Wed, 03 Sep 2014 19:17:09 +0530 [UpgradeWizard] - Upgrade started. At start.php
Wed, 03 Sep 2014 19:17:09 +0530 [UpgradeWizard] - at unlinkUWTempFiles()
Wed, 03 Sep 2014 19:17:09 +0530 [UpgradeWizard] - finished!
Wed, 03 Sep 2014 19:17:09 +0530 [UpgradeWizard] - resetting $_SESSION
Wed, 03 Sep 2014 19:17:18 +0530 [UpgradeWizard] - setting session variables...
Wed, 03 Sep 2014 19:17:18 +0530 [UpgradeWizard] - [At systemCheck.php]
Wed, 03 Sep 2014 19:17:18 +0530 [UpgradeWizard] - Starting file permission check...
Wed, 03 Sep 2014 19:17:25 +0530 [UpgradeWizard] - File [/home/ubuntu/Sugar/sample.php] not writable - saving for display
Wed, 03 Sep 2014 19:17:25 +0530 [UpgradeWizard] - File [/home/ubuntu/Sugar/phpinfo.php] not writable - saving for display
Wed, 03 Sep 2014 19:17:25 +0530 [UpgradeWizard] - Finished file permission check.
Wed, 03 Sep 2014 19:17:25 +0530 [UpgradeWizard] - Starting database permissions check...
Wed, 03 Sep 2014 19:17:25 +0530 [UpgradeWizard] - Checking CREATE TABLE permissions...
Wed, 03 Sep 2014 19:17:25 +0530 [UpgradeWizard] - Checking INSERT INTO permissions...
Wed, 03 Sep 2014 19:17:25 +0530 [UpgradeWizard] - Checking UPDATE TABLE permissions...
Wed, 03 Sep 2014 19:17:25 +0530 [UpgradeWizard] - Checking SELECT permissions...
Wed, 03 Sep 2014 19:17:25 +0530 [UpgradeWizard] - Checking DELETE FROM permissions...
Wed, 03 Sep 2014 19:17:25 +0530 [UpgradeWizard] - Checking ALTER TABLE ADD COLUMN permissions...
Wed, 03 Sep 2014 19:17:25 +0530 [UpgradeWizard] - Checking ALTER TABLE CHANGE COLUMN permissions...
Wed, 03 Sep 2014 19:17:25 +0530 [UpgradeWizard] - Checking ALTER TABLE DROP COLUMN permissions...
Wed, 03 Sep 2014 19:17:25 +0530 [UpgradeWizard] - Checking DROP TABLE permissions...
Wed, 03 Sep 2014 19:17:25 +0530 [UpgradeWizard] - No permissions errors found!
Wed, 03 Sep 2014 19:17:25 +0530 [UpgradeWizard] - Finished database permissions check.
